1
1 


2
2 


3
3 


4
1 3 


5
2 3 


6
6 


7
1 6 


8
2 6 


9
9 


10
1 9 


11
2 9 


12
3 9 


13
1 3 9 


14
2 3 9 


15
6 9 


16
1 6 9 


17
2 6 9 


18
18 


19
1 18 


20
2 18 


21
3 18 


22
1 3 18 


23
2 3 18 


24
6 18 


25
1 6 18 


26
2 6 18 


27
27 


28
1 27 


29
2 27 


30
3 27 


31
1 3 27 


32
2 3 27 


33
6 27 


34
1 6 27 


35
2 6 27 


36
9 27 


37
1 9 27 


38
2 9 27 


39
3 9 27 


40
1 3 9 27 


41
2 3 9 27 


42
6 9 27 


43
1 6 9 27 


44
2 6 9 27 


45
18 27 


46
1 18 27 


47
2 18 27 


48
3 18 27 


49
1 3 18 27 


50
2 3 18 27 


51
6 18 27 


52
1 6 18 27 


53
2 6 18 27 


54
54 


55
1 54 


56
2 54 


57
3 54 


58
1 3 54 


59
2 3 54 


60
6 54 


61
1 6 54 


62
2 6 54 


63
9 54 


64
1 9 54 


65
2 9 54 


66
3 9 54 


67
1 3 9 54 


68
2 3 9 54 


69
6 9 54 


70
1 6 9 54 


71
2 6 9 54 


72
18 54 


73
1 18 54 


74
2 18 54 


75
3 18 54 


76
1 3 18 54 


77
2 3 18 54 


78
6 18 54 


79
1 6 18 54 


80
2 6 18 54 


81
81 


82
1 81 


83
2 81 


84
3 81 


85
1 3 81 


86
2 3 81 


87
6 81 


88
1 6 81 


89
2 6 81 


90
9 81 


91
1 9 81 


92
2 9 81 


93
3 9 81 


94
1 3 9 81 


95
2 3 9 81 


96
6 9 81 


97
97 


98
1 97 
2 6 9 81 


99
2 97 
18 81 


100
1 18 81 
3 97 


101
1 3 97 
2 18 81 


102
2 3 97 
3 18 81 


103
1 3 18 81 
6 97 


104
1 6 97 
2 3 18 81 


105
2 6 97 
6 18 81 


106
1 6 18 81 
9 97 


107
1 9 97 
2 6 18 81 


108
2 9 97 
27 81 


109
1 27 81 
3 9 97 


110
1 3 9 97 
2 27 81 


111
2 3 9 97 
3 27 81 


112
1 3 27 81 
6 9 97 


113
1 6 9 97 
2 3 27 81 


114
2 6 9 97 
6 27 81 


115
1 6 27 81 
18 97 


116
1 18 97 
2 6 27 81 


117
2 18 97 
9 27 81 


118
1 9 27 81 
3 18 97 


119
1 3 18 97 
2 9 27 81 


120
2 3 18 97 
3 9 27 81 


121
1 3 9 27 81 
6 18 97 


122
1 6 18 97 
2 3 9 27 81 


123
2 6 18 97 
6 9 27 81 


124
1 6 9 27 81 
27 97 


125
1 27 97 
2 6 9 27 81 


126
2 27 97 
18 27 81 


127
1 18 27 81 
3 27 97 


128
1 3 27 97 
2 18 27 81 


129
2 3 27 97 
3 18 27 81 


130
1 3 18 27 81 
6 27 97 


131
1 6 27 97 
2 3 18 27 81 


132
2 6 27 97 
6 18 27 81 


133
1 6 18 27 81 
9 27 97 


134
1 9 27 97 
2 6 18 27 81 


135
2 9 27 97 
54 81 


136
1 54 81 
3 9 27 97 


137
1 3 9 27 97 
2 54 81 


138
2 3 9 27 97 
3 54 81 


139
1 3 54 81 
6 9 27 97 


140
1 6 9 27 97 
2 3 54 81 


141
2 6 9 27 97 
6 54 81 


142
1 6 54 81 
18 27 97 


143
1 18 27 97 
2 6 54 81 


144
2 18 27 97 
9 54 81 


145
1 9 54 81 
3 18 27 97 


146
1 3 18 27 97 
2 9 54 81 


147
2 3 18 27 97 
3 9 54 81 


148
1 3 9 54 81 
6 18 27 97 


149
1 6 18 27 97 
2 3 9 54 81 


150
2 6 18 27 97 
6 9 54 81 


151
1 6 9 54 81 
54 97 


152
1 54 97 
2 6 9 54 81 


153
2 54 97 
18 54 81 


154
1 18 54 81 
3 54 97 


155
1 3 54 97 
2 18 54 81 


156
2 3 54 97 
3 18 54 81 


157
1 3 18 54 81 
6 54 97 


158
1 6 54 97 
2 3 18 54 81 


159
2 6 54 97 
6 18 54 81 


160
1 6 18 54 81 
9 54 97 


